<?xml version="1.0" encoding="UTF-8"?>
<!-- Generated by org.testng.reporters.JUnitXMLReporter -->
<testsuite ignored="0" hostname="DESKTOP-9DLCG4K" failures="0" tests="7" name="TN Automation Cases" time="0.995" errors="0" timestamp="2023-07-06T17:29:11 EDT">
  <testcase classname="com.tn.qa.testcases.RegisterTest" name="@BeforeMethod tnSetup" time="0.022">
    <failure type="java.lang.NullPointerException" message="Cannot invoke &amp;quot;org.openqa.selenium.WebDriver.manage()&amp;quot; because &amp;quot;this.driver&amp;quot; is null">
      <![CDATA[java.lang.NullPointerException: Cannot invoke "org.openqa.selenium.WebDriver.manage()" because "this.driver" is null
at com.tn.qa.testBase.TestBase.startApp(TestBase.java:48)
at com.tn.qa.testcases.RegisterTest.tnSetup(RegisterTest.java:27)
at java.base/java.util.ArrayList.forEach(ArrayList.java:1511)
... Removed 31 stack frames]]>
    </failure>
  </testcase> <!-- @BeforeMethod tnSetup -->
  <testcase classname="com.tn.qa.testcases.RegisterTest" name="@AfterMethod tearDown" time="-1.688678951503E9">
    <skipped/>
  </testcase> <!-- @AfterMethod tearDown -->
  <testcase classname="com.tn.qa.testcases.RegisterTest" name="@BeforeMethod tnSetup" time="-1.688678951509E9">
    <skipped/>
  </testcase> <!-- @BeforeMethod tnSetup -->
  <testcase classname="com.tn.qa.testcases.RegisterTest" name="@AfterMethod tearDown" time="-1.688678951531E9">
    <skipped/>
  </testcase> <!-- @AfterMethod tearDown -->
  <testcase classname="com.tn.qa.testcases.RegisterTest" name="@BeforeMethod tnSetup" time="-1.688678951534E9">
    <skipped/>
  </testcase> <!-- @BeforeMethod tnSetup -->
  <testcase classname="com.tn.qa.testcases.RegisterTest" name="@AfterMethod tearDown" time="-1.688678951541E9">
    <skipped/>
  </testcase> <!-- @AfterMethod tearDown -->
  <testcase classname="com.tn.qa.testcases.LoginTest" name="@BeforeMethod tnSetup" time="0.001">
    <failure type="java.lang.NullPointerException" message="Cannot invoke &amp;quot;org.openqa.selenium.WebDriver.manage()&amp;quot; because &amp;quot;this.driver&amp;quot; is null">
      <![CDATA[java.lang.NullPointerException: Cannot invoke "org.openqa.selenium.WebDriver.manage()" because "this.driver" is null
at com.tn.qa.testBase.TestBase.startApp(TestBase.java:48)
at com.tn.qa.testcases.LoginTest.tnSetup(LoginTest.java:28)
at java.base/java.util.ArrayList.forEach(ArrayList.java:1511)
... Removed 31 stack frames]]>
    </failure>
  </testcase> <!-- @BeforeMethod tnSetup -->
  <testcase classname="com.tn.qa.testcases.LoginTest" name="@AfterMethod tearDown" time="-1.688678951552E9">
    <skipped/>
  </testcase> <!-- @AfterMethod tearDown -->
  <testcase classname="com.tn.qa.testcases.LoginTest" name="@BeforeMethod tnSetup" time="-1.688678951554E9">
    <skipped/>
  </testcase> <!-- @BeforeMethod tnSetup -->
  <testcase classname="com.tn.qa.testcases.LoginTest" name="@AfterMethod tearDown" time="-1.688678951559E9">
    <skipped/>
  </testcase> <!-- @AfterMethod tearDown -->
  <testcase classname="com.tn.qa.testcases.Search" name="@BeforeMethod setup" time="0.001">
    <failure type="java.lang.NullPointerException" message="Cannot invoke &amp;quot;org.openqa.selenium.WebDriver.manage()&amp;quot; because &amp;quot;this.driver&amp;quot; is null">
      <![CDATA[java.lang.NullPointerException: Cannot invoke "org.openqa.selenium.WebDriver.manage()" because "this.driver" is null
at com.tn.qa.testBase.TestBase.startApp(TestBase.java:48)
at com.tn.qa.testcases.Search.setup(Search.java:27)
at java.base/java.util.ArrayList.forEach(ArrayList.java:1511)
... Removed 31 stack frames]]>
    </failure>
  </testcase> <!-- @BeforeMethod setup -->
  <testcase classname="com.tn.qa.testcases.Search" name="@AfterMethod tearDown" time="-1.68867895158E9">
    <skipped/>
  </testcase> <!-- @AfterMethod tearDown -->
  <testcase classname="com.tn.qa.testcases.Search" name="@BeforeMethod setup" time="-1.688678951583E9">
    <skipped/>
  </testcase> <!-- @BeforeMethod setup -->
  <testcase classname="com.tn.qa.testcases.Search" name="@AfterMethod tearDown" time="-1.688678951588E9">
    <skipped/>
  </testcase> <!-- @AfterMethod tearDown -->
  <testcase classname="com.tn.qa.testcases.RegisterTest" name="registerTN" time="0.0">
    <skipped/>
  </testcase> <!-- registerTN -->
  <testcase classname="com.tn.qa.testcases.RegisterTest" name="registerPhoneWithTwoChar" time="0.0">
    <skipped/>
  </testcase> <!-- registerPhoneWithTwoChar -->
  <testcase classname="com.tn.qa.testcases.RegisterTest" name="registerPhoneWithLetters" time="0.0">
    <skipped/>
  </testcase> <!-- registerPhoneWithLetters -->
  <testcase classname="com.tn.qa.testcases.LoginTest" name="verifyLoginTN" time="0.0">
    <skipped/>
  </testcase> <!-- verifyLoginTN -->
  <testcase classname="com.tn.qa.testcases.LoginTest" name="verifyInvalidTN" time="0.0">
    <skipped/>
  </testcase> <!-- verifyInvalidTN -->
  <testcase classname="com.tn.qa.testcases.Search" name="searchInValid" time="0.0">
    <skipped/>
  </testcase> <!-- searchInValid -->
  <testcase classname="com.tn.qa.testcases.Search" name="searchValidCheckout" time="0.0">
    <skipped/>
  </testcase> <!-- searchValidCheckout -->
</testsuite> <!-- TN Automation Cases -->
